0 info it worked if it ends with ok
1 verbose cli [ '/usr/bin/node', '/usr/bin/npm', 'install', 'uglifycss', '-g' ]
2 info using npm@1.4.28
3 info using node@v0.10.33
4 verbose node symlink /usr/bin/node
5 verbose cache add [ 'uglifycss', null ]
6 verbose cache add name=undefined spec="uglifycss" args=["uglifycss",null]
7 verbose parsed url { protocol: null,
7 verbose parsed url   slashes: null,
7 verbose parsed url   auth: null,
7 verbose parsed url   host: null,
7 verbose parsed url   port: null,
7 verbose parsed url   hostname: null,
7 verbose parsed url   hash: null,
7 verbose parsed url   search: null,
7 verbose parsed url   query: null,
7 verbose parsed url   pathname: 'uglifycss',
7 verbose parsed url   path: 'uglifycss',
7 verbose parsed url   href: 'uglifycss' }
8 silly lockFile c9bd009c-uglifycss uglifycss
9 verbose lock uglifycss /home/abhijith/.npm/c9bd009c-uglifycss.lock
10 silly lockFile c9bd009c-uglifycss uglifycss
11 silly lockFile c9bd009c-uglifycss uglifycss
12 verbose addNamed [ 'uglifycss', '' ]
13 verbose addNamed [ null, '*' ]
14 silly lockFile 6d9a3280-uglifycss uglifycss@
15 verbose lock uglifycss@ /home/abhijith/.npm/6d9a3280-uglifycss.lock
16 silly addNameRange { name: 'uglifycss', range: '*', hasData: false }
17 verbose request where is /uglifycss
18 verbose request registry http://registry.npmjs.org/
19 verbose request id e879887ba554831a
20 verbose url raw /uglifycss
21 verbose url resolving [ 'http://registry.npmjs.org/', './uglifycss' ]
22 verbose url resolved http://registry.npmjs.org/uglifycss
23 verbose request where is http://registry.npmjs.org/uglifycss
24 info trying registry request attempt 1 at 17:13:06
25 http GET http://registry.npmjs.org/uglifycss
26 http 200 http://registry.npmjs.org/uglifycss
27 silly registry.get cb [ 200,
27 silly registry.get   { server: 'CouchDB/1.5.0 (Erlang OTP/R16B03)',
27 silly registry.get     etag: '"5NBSCAA03ZX7D9JS37015GKMW"',
27 silly registry.get     'content-type': 'application/json',
27 silly registry.get     'cache-control': 'max-age=60',
27 silly registry.get     'content-length': '9265',
27 silly registry.get     'accept-ranges': 'bytes',
27 silly registry.get     date: 'Tue, 18 Nov 2014 11:43:09 GMT',
27 silly registry.get     via: '1.1 varnish',
27 silly registry.get     age: '0',
27 silly registry.get     connection: 'keep-alive',
27 silly registry.get     'x-served-by': 'cache-syd1621-SYD',
27 silly registry.get     'x-cache': 'HIT',
27 silly registry.get     'x-cache-hits': '1',
27 silly registry.get     'x-timer': 'S1416310988.868889,VS0,VE990',
27 silly registry.get     vary: 'Accept' } ]
28 silly addNameRange number 2 { name: 'uglifycss', range: '*', hasData: true }
29 silly addNameRange versions [ 'uglifycss',
29 silly addNameRange   [ '0.0.3', '0.0.4', '0.0.5', '0.0.7', '0.0.8', '0.0.9', '0.0.10' ] ]
30 verbose addNamed [ 'uglifycss', '0.0.10' ]
31 verbose addNamed [ '0.0.10', '0.0.10' ]
32 silly lockFile c6eb2fa9-uglifycss-0-0-10 uglifycss@0.0.10
33 verbose lock uglifycss@0.0.10 /home/abhijith/.npm/c6eb2fa9-uglifycss-0-0-10.lock
34 silly lockFile 5f9abbdf-g-uglifycss-uglifycss-0-0-10-tgz http://registry.npmjs.org/uglifycss/-/uglifycss-0.0.10.tgz
35 verbose lock http://registry.npmjs.org/uglifycss/-/uglifycss-0.0.10.tgz /home/abhijith/.npm/5f9abbdf-g-uglifycss-uglifycss-0-0-10-tgz.lock
36 verbose addRemoteTarball [ 'http://registry.npmjs.org/uglifycss/-/uglifycss-0.0.10.tgz',
36 verbose addRemoteTarball   '19b39f37e0e33af9bc0fcb9cac5149075f8c2e5f' ]
37 info retry fetch attempt 1 at 17:13:10
38 verbose fetch to= /tmp/npm-14811-lAZb9u22/registry.npmjs.org/uglifycss/-/uglifycss-0.0.10.tgz
39 http GET http://registry.npmjs.org/uglifycss/-/uglifycss-0.0.10.tgz
40 http 200 http://registry.npmjs.org/uglifycss/-/uglifycss-0.0.10.tgz
41 silly lockFile 5f9abbdf-g-uglifycss-uglifycss-0-0-10-tgz http://registry.npmjs.org/uglifycss/-/uglifycss-0.0.10.tgz
42 silly lockFile 5f9abbdf-g-uglifycss-uglifycss-0-0-10-tgz http://registry.npmjs.org/uglifycss/-/uglifycss-0.0.10.tgz
43 silly lockFile c6eb2fa9-uglifycss-0-0-10 uglifycss@0.0.10
44 silly lockFile c6eb2fa9-uglifycss-0-0-10 uglifycss@0.0.10
45 silly lockFile 6d9a3280-uglifycss uglifycss@
46 silly lockFile 6d9a3280-uglifycss uglifycss@
47 silly resolved [ { author:
47 silly resolved      { name: 'Franck Marcia',
47 silly resolved        email: 'franck.marcia@gmail.com',
47 silly resolved        url: 'https://github.com/fmarcia' },
47 silly resolved     name: 'uglifycss',
47 silly resolved     description: 'Port of YUI CSS Compressor to NodeJS',
47 silly resolved     version: '0.0.10',
47 silly resolved     license: 'MIT',
47 silly resolved     homepage: 'https://github.com/fmarcia/UglifyCSS',
47 silly resolved     repository: { type: 'git', url: 'git://github.com/fmarcia/UglifyCSS.git' },
47 silly resolved     main: './index.js',
47 silly resolved     bin: { uglifycss: './uglifycss' },
47 silly resolved     gitHead: 'f998d86c264e7630c5e408fab0179f93b194a11a',
47 silly resolved     bugs: { url: 'https://github.com/fmarcia/UglifyCSS/issues' },
47 silly resolved     _id: 'uglifycss@0.0.10',
47 silly resolved     scripts: {},
47 silly resolved     _shasum: '19b39f37e0e33af9bc0fcb9cac5149075f8c2e5f',
47 silly resolved     _from: 'uglifycss@',
47 silly resolved     _npmVersion: '2.0.0',
47 silly resolved     _npmUser: { name: 'fmarcia', email: 'franck.marcia@gmail.com' },
47 silly resolved     maintainers: [ [Object] ],
47 silly resolved     dist:
47 silly resolved      { shasum: '19b39f37e0e33af9bc0fcb9cac5149075f8c2e5f',
47 silly resolved        tarball: 'http://registry.npmjs.org/uglifycss/-/uglifycss-0.0.10.tgz' },
47 silly resolved     directories: {},
47 silly resolved     _resolved: 'http://registry.npmjs.org/uglifycss/-/uglifycss-0.0.10.tgz' } ]
48 info install uglifycss@0.0.10 into /usr/lib
49 info installOne uglifycss@0.0.10
50 verbose lib/node_modules/uglifycss unbuild
51 verbose tar unpack /home/abhijith/.npm/uglifycss/0.0.10/package.tgz
52 silly lockFile 7679ebaa-r-usr-lib-node-modules-uglifycss tar:///usr/lib/node_modules/uglifycss
53 verbose lock tar:///usr/lib/node_modules/uglifycss /home/abhijith/.npm/7679ebaa-r-usr-lib-node-modules-uglifycss.lock
54 silly lockFile fd38432a-npm-uglifycss-0-0-10-package-tgz tar:///home/abhijith/.npm/uglifycss/0.0.10/package.tgz
55 verbose lock tar:///home/abhijith/.npm/uglifycss/0.0.10/package.tgz /home/abhijith/.npm/fd38432a-npm-uglifycss-0-0-10-package-tgz.lock
56 silly gunzTarPerm modes [ '775', '664' ]
57 error Error: EACCES, mkdir '/usr/lib/node_modules/uglifycss'
57 error  { [Error: EACCES, mkdir '/usr/lib/node_modules/uglifycss']
57 error   errno: 3,
57 error   code: 'EACCES',
57 error   path: '/usr/lib/node_modules/uglifycss',
57 error   fstream_type: 'Directory',
57 error   fstream_path: '/usr/lib/node_modules/uglifycss',
57 error   fstream_class: 'DirWriter',
57 error   fstream_stack:
57 error    [ '/usr/lib/node_modules/npm/node_modules/fstream/lib/dir-writer.js:36:23',
57 error      '/usr/lib/node_modules/npm/node_modules/mkdirp/index.js:46:53',
57 error      'Object.oncomplete (fs.js:107:15)' ] }
58 error Please try running this command again as root/Administrator.
59 error System Linux 3.13.0-40-generic
60 error command "/usr/bin/node" "/usr/bin/npm" "install" "uglifycss" "-g"
61 error cwd /var/www/requirejs-jquery-jquerymobile-jqueryui-boilerplate
62 error node -v v0.10.33
63 error npm -v 1.4.28
64 error path /usr/lib/node_modules/uglifycss
65 error fstream_path /usr/lib/node_modules/uglifycss
66 error fstream_type Directory
67 error fstream_class DirWriter
68 error code EACCES
69 error errno 3
70 error stack Error: EACCES, mkdir '/usr/lib/node_modules/uglifycss'
71 error fstream_stack /usr/lib/node_modules/npm/node_modules/fstream/lib/dir-writer.js:36:23
71 error fstream_stack /usr/lib/node_modules/npm/node_modules/mkdirp/index.js:46:53
71 error fstream_stack Object.oncomplete (fs.js:107:15)
72 verbose exit [ 3, true ]
